<?xml version="1.0" encoding="UTF-8"?>
<!-- Generated by org.testng.reporters.JUnitReportReporter -->
<testsuite skipped="0" hostname="VASANTKN1" name="com.selenium.facebook.pom.PageObjectModel_WithPageFactory.testcases.FriendsTest" tests="1" failures="1" timestamp="11 Feb 2018 01:17:39 GMT" time="77.766" errors="0">
  <testcase name="doFriendsTest" time="77.766" classname="com.selenium.facebook.pom.PageObjectModel_WithPageFactory.testcases.FriendsTest">
    <failure type="java.lang.AssertionError" message="Could not login">
      <![CDATA[java.lang.AssertionError: Could not login
	at org.testng.Assert.fail(Assert.java:93)
	at com.selenium.facebook.pom.PageObjectModel_WithPageFactory.testcases.base.BaseTest.reportFailure(BaseTest.java:52)
	at com.selenium.facebook.pom.PageObjectModel_WithPageFactory.testcases.FriendsTest.doFriendsTest(FriendsTest.java:43)
	at sun.reflect.NativeMethodAccessorImpl.invoke0(Native Method)
	at sun.reflect.NativeMethodAccessorImpl.invoke(NativeMethodAccessorImpl.java:62)
	at sun.reflect.DelegatingMethodAccessorImpl.invoke(DelegatingMethodAccessorImpl.java:43)
	at java.lang.reflect.Method.invoke(Method.java:498)
	at org.testng.internal.MethodInvocationHelper.invokeMethod(MethodInvocationHelper.java:108)
	at org.testng.internal.Invoker.invokeMethod(Invoker.java:661)
	at org.testng.internal.Invoker.invokeTestMethod(Invoker.java:869)
	at org.testng.internal.Invoker.invokeTestMethods(Invoker.java:1193)
	at org.testng.internal.TestMethodWorker.invokeTestMethods(TestMethodWorker.java:126)
	at org.testng.internal.TestMethodWorker.run(TestMethodWorker.java:109)
	at org.testng.TestRunner.privateRun(TestRunner.java:744)
	at org.testng.TestRunner.run(TestRunner.java:602)
	at org.testng.SuiteRunner.runTest(SuiteRunner.java:380)
	at org.testng.SuiteRunner.access$000(SuiteRunner.java:39)
	at org.testng.SuiteRunner$SuiteWorker.run(SuiteRunner.java:414)
	at org.testng.internal.thread.ThreadUtil$1.call(ThreadUtil.java:52)
	at java.util.concurrent.FutureTask.run(FutureTask.java:266)
	at java.util.concurrent.ThreadPoolExecutor.runWorker(ThreadPoolExecutor.java:1142)
	at java.util.concurrent.ThreadPoolExecutor$Worker.run(ThreadPoolExecutor.java:617)
	at java.lang.Thread.run(Thread.java:745)
]]>
    </failure>
  </testcase> <!-- doFriendsTest -->
</testsuite> <!-- com.selenium.facebook.pom.PageObjectModel_WithPageFactory.testcases.FriendsTest -->
